<?xml version="1.0" encoding="UTF-8"?>
<testsuite xmlns:xsi="http://www.w3.org/2001/XMLSchema-instance" xsi:noNamespaceSchemaLocation="https://maven.apache.org/surefire/maven-surefire-plugin/xsd/surefire-test-report.xsd" name="com.web.socket.websocket.WebsocketApplicationTests" time="9.403" tests="1" errors="0" skipped="0" failures="0">
  <properties>
    <property name="sun.desktop" value="windows"/>
    <property name="awt.toolkit" value="sun.awt.windows.WToolkit"/>
    <property name="java.specification.version" value="11"/>
    <property name="sun.cpu.isalist" value="amd64"/>
    <property name="sun.jnu.encoding" value="Cp1254"/>
    <property name="java.class.path" value="C:\Users\menesinceoglu\Downloads\spring-chat-application-master\spring-chat-application-master\target\test-classes;C:\Users\menesinceoglu\Downloads\spring-chat-application-master\spring-chat-application-master\target\classes;C:\Users\menesinceoglu\.m2\repository\org\springframework\boot\spring-boot-starter-websocket\2.2.4.RELEASE\spring-boot-starter-websocket-2.2.4.RELEASE.jar;C:\Users\menesinceoglu\.m2\repository\org\springframework\boot\spring-boot-starter-web\2.2.4.RELEASE\spring-boot-starter-web-2.2.4.RELEASE.jar;C:\Users\menesinceoglu\.m2\repository\org\springframework\boot\spring-boot-starter-json\2.2.4.RELEASE\spring-boot-starter-json-2.2.4.RELEASE.jar;C:\Users\menesinceoglu\.m2\repository\com\fasterxml\jackson\core\jackson-databind\2.10.2\jackson-databind-2.10.2.jar;C:\Users\menesinceoglu\.m2\repository\com\fasterxml\jackson\core\jackson-annotations\2.10.2\jackson-annotations-2.10.2.jar;C:\Users\menesinceoglu\.m2\repository\com\fasterxml\jackson\core\jackson-core\2.10.2\jackson-core-2.10.2.jar;C:\Users\menesinceoglu\.m2\repository\com\fasterxml\jackson\datatype\jackson-datatype-jdk8\2.10.2\jackson-datatype-jdk8-2.10.2.jar;C:\Users\menesinceoglu\.m2\repository\com\fasterxml\jackson\datatype\jackson-datatype-jsr310\2.10.2\jackson-datatype-jsr310-2.10.2.jar;C:\Users\menesinceoglu\.m2\repository\com\fasterxml\jackson\module\jackson-module-parameter-names\2.10.2\jackson-module-parameter-names-2.10.2.jar;C:\Users\menesinceoglu\.m2\repository\org\springframework\boot\spring-boot-starter-tomcat\2.2.4.RELEASE\spring-boot-starter-tomcat-2.2.4.RELEASE.jar;C:\Users\menesinceoglu\.m2\repository\org\apache\tomcat\embed\tomcat-embed-core\9.0.30\tomcat-embed-core-9.0.30.jar;C:\Users\menesinceoglu\.m2\repository\org\apache\tomcat\embed\tomcat-embed-el\9.0.30\tomcat-embed-el-9.0.30.jar;C:\Users\menesinceoglu\.m2\repository\org\apache\tomcat\embed\tomcat-embed-websocket\9.0.30\tomcat-embed-websocket-9.0.30.jar;C:\Users\menesinceoglu\.m2\repository\org\springframework\boot\spring-boot-starter-validation\2.2.4.RELEASE\spring-boot-starter-validation-2.2.4.RELEASE.jar;C:\Users\menesinceoglu\.m2\repository\jakarta\validation\jakarta.validation-api\2.0.2\jakarta.validation-api-2.0.2.jar;C:\Users\menesinceoglu\.m2\repository\org\hibernate\validator\hibernate-validator\6.0.18.Final\hibernate-validator-6.0.18.Final.jar;C:\Users\menesinceoglu\.m2\repository\org\jboss\logging\jboss-logging\3.4.1.Final\jboss-logging-3.4.1.Final.jar;C:\Users\menesinceoglu\.m2\repository\com\fasterxml\classmate\1.5.1\classmate-1.5.1.jar;C:\Users\menesinceoglu\.m2\repository\org\springframework\spring-web\5.2.3.RELEASE\spring-web-5.2.3.RELEASE.jar;C:\Users\menesinceoglu\.m2\repository\org\springframework\spring-webmvc\5.2.3.RELEASE\spring-webmvc-5.2.3.RELEASE.jar;C:\Users\menesinceoglu\.m2\repository\org\springframework\spring-aop\5.2.3.RELEASE\spring-aop-5.2.3.RELEASE.jar;C:\Users\menesinceoglu\.m2\repository\org\springframework\spring-expression\5.2.3.RELEASE\spring-expression-5.2.3.RELEASE.jar;C:\Users\menesinceoglu\.m2\repository\org\springframework\spring-messaging\5.2.3.RELEASE\spring-messaging-5.2.3.RELEASE.jar;C:\Users\menesinceoglu\.m2\repository\org\springframework\spring-beans\5.2.3.RELEASE\spring-beans-5.2.3.RELEASE.jar;C:\Users\menesinceoglu\.m2\repository\org\springframework\spring-websocket\5.2.3.RELEASE\spring-websocket-5.2.3.RELEASE.jar;C:\Users\menesinceoglu\.m2\repository\org\springframework\spring-context\5.2.3.RELEASE\spring-context-5.2.3.RELEASE.jar;C:\Users\menesinceoglu\.m2\repository\org\springframework\boot\spring-boot-starter-test\2.2.4.RELEASE\spring-boot-starter-test-2.2.4.RELEASE.jar;C:\Users\menesinceoglu\.m2\repository\org\springframework\boot\spring-boot-starter\2.2.4.RELEASE\spring-boot-starter-2.2.4.RELEASE.jar;C:\Users\menesinceoglu\.m2\repository\org\springframework\boot\spring-boot\2.2.4.RELEASE\spring-boot-2.2.4.RELEASE.jar;C:\Users\menesinceoglu\.m2\repository\org\springframework\boot\spring-boot-autoconfigure\2.2.4.RELEASE\spring-boot-autoconfigure-2.2.4.RELEASE.jar;C:\Users\menesinceoglu\.m2\repository\org\springframework\boot\spring-boot-starter-logging\2.2.4.RELEASE\spring-boot-starter-logging-2.2.4.RELEASE.jar;C:\Users\menesinceoglu\.m2\repository\ch\qos\logback\logback-classic\1.2.3\logback-classic-1.2.3.jar;C:\Users\menesinceoglu\.m2\repository\ch\qos\logback\logback-core\1.2.3\logback-core-1.2.3.jar;C:\Users\menesinceoglu\.m2\repository\org\apache\logging\log4j\log4j-to-slf4j\2.12.1\log4j-to-slf4j-2.12.1.jar;C:\Users\menesinceoglu\.m2\repository\org\apache\logging\log4j\log4j-api\2.12.1\log4j-api-2.12.1.jar;C:\Users\menesinceoglu\.m2\repository\org\slf4j\jul-to-slf4j\1.7.30\jul-to-slf4j-1.7.30.jar;C:\Users\menesinceoglu\.m2\repository\jakarta\annotation\jakarta.annotation-api\1.3.5\jakarta.annotation-api-1.3.5.jar;C:\Users\menesinceoglu\.m2\repository\org\yaml\snakeyaml\1.25\snakeyaml-1.25.jar;C:\Users\menesinceoglu\.m2\repository\org\springframework\boot\spring-boot-test\2.2.4.RELEASE\spring-boot-test-2.2.4.RELEASE.jar;C:\Users\menesinceoglu\.m2\repository\org\springframework\boot\spring-boot-test-autoconfigure\2.2.4.RELEASE\spring-boot-test-autoconfigure-2.2.4.RELEASE.jar;C:\Users\menesinceoglu\.m2\repository\com\jayway\jsonpath\json-path\2.4.0\json-path-2.4.0.jar;C:\Users\menesinceoglu\.m2\repository\net\minidev\json-smart\2.3\json-smart-2.3.jar;C:\Users\menesinceoglu\.m2\repository\net\minidev\accessors-smart\1.2\accessors-smart-1.2.jar;C:\Users\menesinceoglu\.m2\repository\org\ow2\asm\asm\5.0.4\asm-5.0.4.jar;C:\Users\menesinceoglu\.m2\repository\org\slf4j\slf4j-api\1.7.30\slf4j-api-1.7.30.jar;C:\Users\menesinceoglu\.m2\repository\jakarta\xml\bind\jakarta.xml.bind-api\2.3.2\jakarta.xml.bind-api-2.3.2.jar;C:\Users\menesinceoglu\.m2\repository\jakarta\activation\jakarta.activation-api\1.2.1\jakarta.activation-api-1.2.1.jar;C:\Users\menesinceoglu\.m2\repository\org\junit\jupiter\junit-jupiter\5.5.2\junit-jupiter-5.5.2.jar;C:\Users\menesinceoglu\.m2\repository\org\junit\jupiter\junit-jupiter-api\5.5.2\junit-jupiter-api-5.5.2.jar;C:\Users\menesinceoglu\.m2\repository\org\apiguardian\apiguardian-api\1.1.0\apiguardian-api-1.1.0.jar;C:\Users\menesinceoglu\.m2\repository\org\opentest4j\opentest4j\1.2.0\opentest4j-1.2.0.jar;C:\Users\menesinceoglu\.m2\repository\org\junit\platform\junit-platform-commons\1.5.2\junit-platform-commons-1.5.2.jar;C:\Users\menesinceoglu\.m2\repository\org\junit\jupiter\junit-jupiter-params\5.5.2\junit-jupiter-params-5.5.2.jar;C:\Users\menesinceoglu\.m2\repository\org\junit\jupiter\junit-jupiter-engine\5.5.2\junit-jupiter-engine-5.5.2.jar;C:\Users\menesinceoglu\.m2\repository\org\junit\platform\junit-platform-engine\1.5.2\junit-platform-engine-1.5.2.jar;C:\Users\menesinceoglu\.m2\repository\org\mockito\mockito-junit-jupiter\3.1.0\mockito-junit-jupiter-3.1.0.jar;C:\Users\menesinceoglu\.m2\repository\org\assertj\assertj-core\3.13.2\assertj-core-3.13.2.jar;C:\Users\menesinceoglu\.m2\repository\org\hamcrest\hamcrest\2.1\hamcrest-2.1.jar;C:\Users\menesinceoglu\.m2\repository\org\mockito\mockito-core\3.1.0\mockito-core-3.1.0.jar;C:\Users\menesinceoglu\.m2\repository\net\bytebuddy\byte-buddy\1.10.6\byte-buddy-1.10.6.jar;C:\Users\menesinceoglu\.m2\repository\net\bytebuddy\byte-buddy-agent\1.10.6\byte-buddy-agent-1.10.6.jar;C:\Users\menesinceoglu\.m2\repository\org\objenesis\objenesis\2.6\objenesis-2.6.jar;C:\Users\menesinceoglu\.m2\repository\org\skyscreamer\jsonassert\1.5.0\jsonassert-1.5.0.jar;C:\Users\menesinceoglu\.m2\repository\com\vaadin\external\google\android-json\0.0.20131108.vaadin1\android-json-0.0.20131108.vaadin1.jar;C:\Users\menesinceoglu\.m2\repository\org\springframework\spring-core\5.2.3.RELEASE\spring-core-5.2.3.RELEASE.jar;C:\Users\menesinceoglu\.m2\repository\org\springframework\spring-jcl\5.2.3.RELEASE\spring-jcl-5.2.3.RELEASE.jar;C:\Users\menesinceoglu\.m2\repository\org\springframework\spring-test\5.2.3.RELEASE\spring-test-5.2.3.RELEASE.jar;C:\Users\menesinceoglu\.m2\repository\org\xmlunit\xmlunit-core\2.6.3\xmlunit-core-2.6.3.jar;C:\Users\menesinceoglu\.m2\repository\com\google\code\gson\gson\2.7\gson-2.7.jar;"/>
    <property name="java.vm.vendor" value="Oracle Corporation"/>
    <property name="sun.arch.data.model" value="64"/>
    <property name="user.variant" value=""/>
    <property name="java.vendor.url" value="https://openjdk.java.net/"/>
    <property name="user.timezone" value="Asia/Istanbul"/>
    <property name="java.vm.specification.version" value="11"/>
    <property name="os.name" value="Windows 10"/>
    <property name="sun.java.launcher" value="SUN_STANDARD"/>
    <property name="user.country" value="TR"/>
    <property name="sun.boot.library.path" value="C:\Program Files\Java\jdk-11.0.9\bin"/>
    <property name="sun.java.command" value="C:\Users\MENESI~1\AppData\Local\Temp\surefire12498232422609333283\surefirebooter4279986579854774042.jar C:\Users\menesinceoglu\AppData\Local\Temp\surefire12498232422609333283 2022-03-20T21-45-02_912-jvmRun1 surefire18202131302709466147tmp surefire_01574890898780043896tmp"/>
    <property name="jdk.debug" value="release"/>
    <property name="surefire.test.class.path" value="C:\Users\menesinceoglu\Downloads\spring-chat-application-master\spring-chat-application-master\target\test-classes;C:\Users\menesinceoglu\Downloads\spring-chat-application-master\spring-chat-application-master\target\classes;C:\Users\menesinceoglu\.m2\repository\org\springframework\boot\spring-boot-starter-websocket\2.2.4.RELEASE\spring-boot-starter-websocket-2.2.4.RELEASE.jar;C:\Users\menesinceoglu\.m2\repository\org\springframework\boot\spring-boot-starter-web\2.2.4.RELEASE\spring-boot-starter-web-2.2.4.RELEASE.jar;C:\Users\menesinceoglu\.m2\repository\org\springframework\boot\spring-boot-starter-json\2.2.4.RELEASE\spring-boot-starter-json-2.2.4.RELEASE.jar;C:\Users\menesinceoglu\.m2\repository\com\fasterxml\jackson\core\jackson-databind\2.10.2\jackson-databind-2.10.2.jar;C:\Users\menesinceoglu\.m2\repository\com\fasterxml\jackson\core\jackson-annotations\2.10.2\jackson-annotations-2.10.2.jar;C:\Users\menesinceoglu\.m2\repository\com\fasterxml\jackson\core\jackson-core\2.10.2\jackson-core-2.10.2.jar;C:\Users\menesinceoglu\.m2\repository\com\fasterxml\jackson\datatype\jackson-datatype-jdk8\2.10.2\jackson-datatype-jdk8-2.10.2.jar;C:\Users\menesinceoglu\.m2\repository\com\fasterxml\jackson\datatype\jackson-datatype-jsr310\2.10.2\jackson-datatype-jsr310-2.10.2.jar;C:\Users\menesinceoglu\.m2\repository\com\fasterxml\jackson\module\jackson-module-parameter-names\2.10.2\jackson-module-parameter-names-2.10.2.jar;C:\Users\menesinceoglu\.m2\repository\org\springframework\boot\spring-boot-starter-tomcat\2.2.4.RELEASE\spring-boot-starter-tomcat-2.2.4.RELEASE.jar;C:\Users\menesinceoglu\.m2\repository\org\apache\tomcat\embed\tomcat-embed-core\9.0.30\tomcat-embed-core-9.0.30.jar;C:\Users\menesinceoglu\.m2\repository\org\apache\tomcat\embed\tomcat-embed-el\9.0.30\tomcat-embed-el-9.0.30.jar;C:\Users\menesinceoglu\.m2\repository\org\apache\tomcat\embed\tomcat-embed-websocket\9.0.30\tomcat-embed-websocket-9.0.30.jar;C:\Users\menesinceoglu\.m2\repository\org\springframework\boot\spring-boot-starter-validation\2.2.4.RELEASE\spring-boot-starter-validation-2.2.4.RELEASE.jar;C:\Users\menesinceoglu\.m2\repository\jakarta\validation\jakarta.validation-api\2.0.2\jakarta.validation-api-2.0.2.jar;C:\Users\menesinceoglu\.m2\repository\org\hibernate\validator\hibernate-validator\6.0.18.Final\hibernate-validator-6.0.18.Final.jar;C:\Users\menesinceoglu\.m2\repository\org\jboss\logging\jboss-logging\3.4.1.Final\jboss-logging-3.4.1.Final.jar;C:\Users\menesinceoglu\.m2\repository\com\fasterxml\classmate\1.5.1\classmate-1.5.1.jar;C:\Users\menesinceoglu\.m2\repository\org\springframework\spring-web\5.2.3.RELEASE\spring-web-5.2.3.RELEASE.jar;C:\Users\menesinceoglu\.m2\repository\org\springframework\spring-webmvc\5.2.3.RELEASE\spring-webmvc-5.2.3.RELEASE.jar;C:\Users\menesinceoglu\.m2\repository\org\springframework\spring-aop\5.2.3.RELEASE\spring-aop-5.2.3.RELEASE.jar;C:\Users\menesinceoglu\.m2\repository\org\springframework\spring-expression\5.2.3.RELEASE\spring-expression-5.2.3.RELEASE.jar;C:\Users\menesinceoglu\.m2\repository\org\springframework\spring-messaging\5.2.3.RELEASE\spring-messaging-5.2.3.RELEASE.jar;C:\Users\menesinceoglu\.m2\repository\org\springframework\spring-beans\5.2.3.RELEASE\spring-beans-5.2.3.RELEASE.jar;C:\Users\menesinceoglu\.m2\repository\org\springframework\spring-websocket\5.2.3.RELEASE\spring-websocket-5.2.3.RELEASE.jar;C:\Users\menesinceoglu\.m2\repository\org\springframework\spring-context\5.2.3.RELEASE\spring-context-5.2.3.RELEASE.jar;C:\Users\menesinceoglu\.m2\repository\org\springframework\boot\spring-boot-starter-test\2.2.4.RELEASE\spring-boot-starter-test-2.2.4.RELEASE.jar;C:\Users\menesinceoglu\.m2\repository\org\springframework\boot\spring-boot-starter\2.2.4.RELEASE\spring-boot-starter-2.2.4.RELEASE.jar;C:\Users\menesinceoglu\.m2\repository\org\springframework\boot\spring-boot\2.2.4.RELEASE\spring-boot-2.2.4.RELEASE.jar;C:\Users\menesinceoglu\.m2\repository\org\springframework\boot\spring-boot-autoconfigure\2.2.4.RELEASE\spring-boot-autoconfigure-2.2.4.RELEASE.jar;C:\Users\menesinceoglu\.m2\repository\org\springframework\boot\spring-boot-starter-logging\2.2.4.RELEASE\spring-boot-starter-logging-2.2.4.RELEASE.jar;C:\Users\menesinceoglu\.m2\repository\ch\qos\logback\logback-classic\1.2.3\logback-classic-1.2.3.jar;C:\Users\menesinceoglu\.m2\repository\ch\qos\logback\logback-core\1.2.3\logback-core-1.2.3.jar;C:\Users\menesinceoglu\.m2\repository\org\apache\logging\log4j\log4j-to-slf4j\2.12.1\log4j-to-slf4j-2.12.1.jar;C:\Users\menesinceoglu\.m2\repository\org\apache\logging\log4j\log4j-api\2.12.1\log4j-api-2.12.1.jar;C:\Users\menesinceoglu\.m2\repository\org\slf4j\jul-to-slf4j\1.7.30\jul-to-slf4j-1.7.30.jar;C:\Users\menesinceoglu\.m2\repository\jakarta\annotation\jakarta.annotation-api\1.3.5\jakarta.annotation-api-1.3.5.jar;C:\Users\menesinceoglu\.m2\repository\org\yaml\snakeyaml\1.25\snakeyaml-1.25.jar;C:\Users\menesinceoglu\.m2\repository\org\springframework\boot\spring-boot-test\2.2.4.RELEASE\spring-boot-test-2.2.4.RELEASE.jar;C:\Users\menesinceoglu\.m2\repository\org\springframework\boot\spring-boot-test-autoconfigure\2.2.4.RELEASE\spring-boot-test-autoconfigure-2.2.4.RELEASE.jar;C:\Users\menesinceoglu\.m2\repository\com\jayway\jsonpath\json-path\2.4.0\json-path-2.4.0.jar;C:\Users\menesinceoglu\.m2\repository\net\minidev\json-smart\2.3\json-smart-2.3.jar;C:\Users\menesinceoglu\.m2\repository\net\minidev\accessors-smart\1.2\accessors-smart-1.2.jar;C:\Users\menesinceoglu\.m2\repository\org\ow2\asm\asm\5.0.4\asm-5.0.4.jar;C:\Users\menesinceoglu\.m2\repository\org\slf4j\slf4j-api\1.7.30\slf4j-api-1.7.30.jar;C:\Users\menesinceoglu\.m2\repository\jakarta\xml\bind\jakarta.xml.bind-api\2.3.2\jakarta.xml.bind-api-2.3.2.jar;C:\Users\menesinceoglu\.m2\repository\jakarta\activation\jakarta.activation-api\1.2.1\jakarta.activation-api-1.2.1.jar;C:\Users\menesinceoglu\.m2\repository\org\junit\jupiter\junit-jupiter\5.5.2\junit-jupiter-5.5.2.jar;C:\Users\menesinceoglu\.m2\repository\org\junit\jupiter\junit-jupiter-api\5.5.2\junit-jupiter-api-5.5.2.jar;C:\Users\menesinceoglu\.m2\repository\org\apiguardian\apiguardian-api\1.1.0\apiguardian-api-1.1.0.jar;C:\Users\menesinceoglu\.m2\repository\org\opentest4j\opentest4j\1.2.0\opentest4j-1.2.0.jar;C:\Users\menesinceoglu\.m2\repository\org\junit\platform\junit-platform-commons\1.5.2\junit-platform-commons-1.5.2.jar;C:\Users\menesinceoglu\.m2\repository\org\junit\jupiter\junit-jupiter-params\5.5.2\junit-jupiter-params-5.5.2.jar;C:\Users\menesinceoglu\.m2\repository\org\junit\jupiter\junit-jupiter-engine\5.5.2\junit-jupiter-engine-5.5.2.jar;C:\Users\menesinceoglu\.m2\repository\org\junit\platform\junit-platform-engine\1.5.2\junit-platform-engine-1.5.2.jar;C:\Users\menesinceoglu\.m2\repository\org\mockito\mockito-junit-jupiter\3.1.0\mockito-junit-jupiter-3.1.0.jar;C:\Users\menesinceoglu\.m2\repository\org\assertj\assertj-core\3.13.2\assertj-core-3.13.2.jar;C:\Users\menesinceoglu\.m2\repository\org\hamcrest\hamcrest\2.1\hamcrest-2.1.jar;C:\Users\menesinceoglu\.m2\repository\org\mockito\mockito-core\3.1.0\mockito-core-3.1.0.jar;C:\Users\menesinceoglu\.m2\repository\net\bytebuddy\byte-buddy\1.10.6\byte-buddy-1.10.6.jar;C:\Users\menesinceoglu\.m2\repository\net\bytebuddy\byte-buddy-agent\1.10.6\byte-buddy-agent-1.10.6.jar;C:\Users\menesinceoglu\.m2\repository\org\objenesis\objenesis\2.6\objenesis-2.6.jar;C:\Users\menesinceoglu\.m2\repository\org\skyscreamer\jsonassert\1.5.0\jsonassert-1.5.0.jar;C:\Users\menesinceoglu\.m2\repository\com\vaadin\external\google\android-json\0.0.20131108.vaadin1\android-json-0.0.20131108.vaadin1.jar;C:\Users\menesinceoglu\.m2\repository\org\springframework\spring-core\5.2.3.RELEASE\spring-core-5.2.3.RELEASE.jar;C:\Users\menesinceoglu\.m2\repository\org\springframework\spring-jcl\5.2.3.RELEASE\spring-jcl-5.2.3.RELEASE.jar;C:\Users\menesinceoglu\.m2\repository\org\springframework\spring-test\5.2.3.RELEASE\spring-test-5.2.3.RELEASE.jar;C:\Users\menesinceoglu\.m2\repository\org\xmlunit\xmlunit-core\2.6.3\xmlunit-core-2.6.3.jar;C:\Users\menesinceoglu\.m2\repository\com\google\code\gson\gson\2.7\gson-2.7.jar;"/>
    <property name="sun.cpu.endian" value="little"/>
    <property name="user.home" value="C:\Users\menesinceoglu"/>
    <property name="user.language" value="tr"/>
    <property name="java.specification.vendor" value="Oracle Corporation"/>
    <property name="java.version.date" value="2020-10-20"/>
    <property name="java.home" value="C:\Program Files\Java\jdk-11.0.9"/>
    <property name="file.separator" value="\"/>
    <property name="basedir" value="C:\Users\menesinceoglu\Downloads\spring-chat-application-master\spring-chat-application-master"/>
    <property name="java.vm.compressedOopsMode" value="Zero based"/>
    <property name="line.separator" value="&#10;"/>
    <property name="java.specification.name" value="Java Platform API Specification"/>
    <property name="java.vm.specification.vendor" value="Oracle Corporation"/>
    <property name="java.awt.graphicsenv" value="sun.awt.Win32GraphicsEnvironment"/>
    <property name="surefire.real.class.path" value="C:\Users\MENESI~1\AppData\Local\Temp\surefire12498232422609333283\surefirebooter4279986579854774042.jar"/>
    <property name="user.script" value=""/>
    <property name="sun.management.compiler" value="HotSpot 64-Bit Tiered Compilers"/>
    <property name="java.runtime.version" value="11.0.9+7-LTS"/>
    <property name="user.name" value="menesinceoglu"/>
    <property name="path.separator" value=";"/>
    <property name="os.version" value="10.0"/>
    <property name="java.runtime.name" value="Java(TM) SE Runtime Environment"/>
    <property name="file.encoding" value="Cp1254"/>
    <property name="java.vm.name" value="Java HotSpot(TM) 64-Bit Server VM"/>
    <property name="java.vendor.version" value="18.9"/>
    <property name="localRepository" value="C:\Users\menesinceoglu\.m2\repository"/>
    <property name="java.vendor.url.bug" value="https://bugreport.java.com/bugreport/"/>
    <property name="java.io.tmpdir" value="C:\Users\MENESI~1\AppData\Local\Temp\"/>
    <property name="idea.version" value="2020.3"/>
    <property name="java.version" value="11.0.9"/>
    <property name="user.dir" value="C:\Users\menesinceoglu\Downloads\spring-chat-application-master\spring-chat-application-master"/>
    <property name="os.arch" value="amd64"/>
    <property name="java.vm.specification.name" value="Java Virtual Machine Specification"/>
    <property name="java.awt.printerjob" value="sun.awt.windows.WPrinterJob"/>
    <property name="sun.os.patch.level" value=""/>
    <property name="java.library.path" value="C:\Program Files\Java\jdk-11.0.9\bin;C:\WINDOWS\Sun\Java\bin;C:\WINDOWS\system32;C:\WINDOWS;C:\Python39\Scripts\;C:\Python39\;C:\Python27\;C:\Python27\Scripts;C:\Program Files\Common Files\Oracle\Java\javapath;C:\WINDOWS\system32;C:\WINDOWS;C:\WINDOWS\System32\Wbem;C:\WINDOWS\System32\WindowsPowerShell\v1.0\;C:\WINDOWS\System32\OpenSSH\;C:\Program Files\Microsoft SQL Server\130\Tools\Binn\;C:\Program Files\Microsoft SQL Server\Client SDK\ODBC\170\Tools\Binn\;C:\Program Files (x86)\Microsoft SQL Server\150\Tools\Binn\;C:\Program Files\Microsoft SQL Server\150\Tools\Binn\;C:\Program Files\Microsoft SQL Server\150\DTS\Binn\;C:\Program Files (x86)\Microsoft SQL Server\150\DTS\Binn\;C:\ProgramData\chocolatey\bin;C:\Program Files\AdoptOpenJDK\jdk8u192-b12\bin;C:\Program Files\Java\jdk1.8.0_211\bin;C:\Android\android-sdk\tools;C:\Android\android-sdk\platform-tools;C:\Android\android-sdk\tools\bin;C:\Program Files\dotnet\;C:\src\flutter\bin;C:\Program Files\Git\cmd;C:\Program Files\OpenJDK\openjdk-8u282-b08\bin;C:\Program Files\nodejs\;C:\Program Files\apache-maven-3.8.5-bin\apache-maven-3.8.5\bin;C:\Program Files\MySQL\MySQL Shell 8.0\bin\;C:\Users\menesinceoglu\anaconda3;C:\Users\menesinceoglu\anaconda3\Library\mingw-w64\bin;C:\Users\menesinceoglu\anaconda3\Library\usr\bin;C:\Users\menesinceoglu\anaconda3\Library\bin;C:\Users\menesinceoglu\anaconda3\Scripts;C:\Users\menesinceoglu\AppData\Local\Microsoft\WindowsApps;C:\Users\menesinceoglu\AppData\Local\Programs\Microsoft VS Code\bin;C:\Program Files\JetBrains\PyCharm 2020.2.2\bin;;C:\Android\android-sdk;C:\Users\menesinceoglu\AppData\Local\Android\Sdk\tools;C:\Users\menesinceoglu\AppData\Local\Android\Sdk\platform-tools;C:\Users\menesinceoglu\.android\;C:\Users\menesinceoglu\.android\avd;C:\Users\menesinceoglu\.dotnet\tools;C:\src\flutter\bin;C:\Users\menesinceoglu\AppData\Local\Android\Sdk;C:\Users\menesinceoglu\AppData\Local\Android\Sdk\platform-tools;C:\Users\menesinceoglu\AppData\Roaming\npm;C:\Program Files\PostgreSQL\10\bin;C:\Users\menesinceoglu\AppData\Local\GitHubDesktop\bin;."/>
    <property name="java.vendor" value="Oracle Corporation"/>
    <property name="java.vm.info" value="mixed mode"/>
    <property name="java.vm.version" value="11.0.9+7-LTS"/>
    <property name="sun.io.unicode.encoding" value="UnicodeLittle"/>
    <property name="java.class.version" value="55.0"/>
  </properties>
  <testcase name="contextLoads" classname="com.web.socket.websocket.WebsocketApplicationTests" time="2.263"/>
</testsuite>